<?xml version="1.0" encoding="UTF-8"?>
<testsuite xmlns:xsi="http://www.w3.org/2001/XMLSchema-instance" xsi:noNamespaceSchemaLocation="https://maven.apache.org/surefire/maven-surefire-plugin/xsd/surefire-test-report-3.0.xsd" version="3.0" name="com.expanse.runner.RunTests" time="7.121" tests="34" errors="0" skipped="0" failures="0">
  <properties>
[...]
</properties>
  <testcase name="TC-001 to 004 - Registration Variations #1" classname="ExpanseFT Full Suite Automation" time="4.093">
    <system-out><![CDATA[
@Registration @Bulk
Scenario Outline: TC-001 to 004 - Registration Variations                                                                  # src/test/resources/features/AccountManagement.feature:12
  Given the API is stubbed for "POST" at "/account" with status 200 and body "{'idVerified': 'True', 'status': 'Success'}" # com.expanse.steps.ExpanseSteps.universalStub(java.lang.String,java.lang.String,int,java.lang.String)
  When I call the "POST" API "/account" with body "{'locationId': '38137'}"                                                # com.expanse.steps.ExpanseSteps.callApi(java.lang.String,java.lang.String,java.lang.String)
  Then the response code should be 200                                                                                     # com.expanse.steps.ExpanseSteps.checkStatus(int)
  And the response should contain "idVerified" as "True"                                                                   # com.expanse.steps.ExpanseSteps.checkBody(java.lang.String,java.lang.String)
]]></system-out>
    <system-err><![CDATA[SLF4J: Failed to load class "org.slf4j.impl.StaticLoggerBinder".
SLF4J: Defaulting to no-operation (NOP) logger implementation
SLF4J: See http://www.slf4j.org/codes.html#StaticLoggerBinder for further details.
]]></system-err>
  </testcase>
  <testcase name="TC-001 to 004 - Registration Variations #2" classname="ExpanseFT Full Suite Automation" time="0.099">
    <system-out><![CDATA[
@Registration @Bulk
Scenario Outline: TC-001 to 004 - Registration Variations                                                                        # src/test/resources/features/AccountManagement.feature:13
  Given the API is stubbed for "POST" at "/account" with status 202 and body "{'status': 'error', 'errorMessage': 'CIP failed'}" # com.expanse.steps.ExpanseSteps.universalStub(java.lang.String,java.lang.String,int,java.lang.String)
  When I call the "POST" API "/account" with body "{'locationId': '38137'}"                                                      # com.expanse.steps.ExpanseSteps.callApi(java.lang.String,java.lang.String,java.lang.String)
  Then the response code should be 202                                                                                           # com.expanse.steps.ExpanseSteps.checkStatus(int)
  And the response should contain "errorMessage" as "CIP failed"                                                                 # com.expanse.steps.ExpanseSteps.checkBody(java.lang.String,java.lang.String)
]]></system-out>
  </testcase>
  <testcase name="TC-001 to 004 - Registration Variations #3" classname="ExpanseFT Full Suite Automation" time="0.081">
    <system-out><![CDATA[
@Registration @Bulk
Scenario Outline: TC-001 to 004 - Registration Variations                                                                         # src/test/resources/features/AccountManagement.feature:14
  Given the API is stubbed for "POST" at "/account" with status 400 and body "{'status': 'error', 'errorMessage': 'Invalid Loc'}" # com.expanse.steps.ExpanseSteps.universalStub(java.lang.String,java.lang.String,int,java.lang.String)
  When I call the "POST" API "/account" with body "{'locationId': '38137'}"                                                       # com.expanse.steps.ExpanseSteps.callApi(java.lang.String,java.lang.String,java.lang.String)
  Then the response code should be 400                                                                                            # com.expanse.steps.ExpanseSteps.checkStatus(int)
  And the response should contain "errorMessage" as "Invalid Loc"                                                                 # com.expanse.steps.ExpanseSteps.checkBody(java.lang.String,java.lang.String)
]]></system-out>
  </testcase>
  <testcase name="TC-001 to 004 - Registration Variations #4" classname="ExpanseFT Full Suite Automation" time="0.094">
    <system-out><![CDATA[
@Registration @Bulk
Scenario Outline: TC-001 to 004 - Registration Variations                                                                     # src/test/resources/features/AccountManagement.feature:15
  Given the API is stubbed for "POST" at "/account" with status 403 and body "{'status': 'error', 'errorMessage': 'Blocked'}" # com.expanse.steps.ExpanseSteps.universalStub(java.lang.String,java.lang.String,int,java.lang.String)
  When I call the "POST" API "/account" with body "{'locationId': '38137'}"                                                   # com.expanse.steps.ExpanseSteps.callApi(java.lang.String,java.lang.String,java.lang.String)
  Then the response code should be 403                                                                                        # com.expanse.steps.ExpanseSteps.checkStatus(int)
  And the response should contain "errorMessage" as "Blocked"                                                                 # com.expanse.steps.ExpanseSteps.checkBody(java.lang.String,java.lang.String)
]]></system-out>
  </testcase>
  <testcase name="TC-005 to 030 - Financial, Fee, and Admin Processing #1" classname="ExpanseFT Full Suite Automation" time="0.082">
    <system-out><![CDATA[
@Transactions @Spending @Admin
Scenario Outline: TC-005 to 030 - Financial, Fee, and Admin Processing                                     # src/test/resources/features/AccountManagement.feature:26
  Given the API is stubbed for "POST" at "/transact/atm" with status 200 and body "{'status': 'Approved'}" # com.expanse.steps.ExpanseSteps.universalStub(java.lang.String,java.lang.String,int,java.lang.String)
  When I call the "POST" API "/transact/atm" with body "{'amt': '200'}"                                    # com.expanse.steps.ExpanseSteps.callApi(java.lang.String,java.lang.String,java.lang.String)
  Then the response code should be 200                                                                     # com.expanse.steps.ExpanseSteps.checkStatus(int)
  And the response should contain "status" as "Approved"                                                   # com.expanse.steps.ExpanseSteps.checkBody(java.lang.String,java.lang.String)
]]></system-out>
  </testcase>
  <testcase name="TC-005 to 030 - Financial, Fee, and Admin Processing #2" classname="ExpanseFT Full Suite Automation" time="0.075">
    <system-out><![CDATA[
@Transactions @Spending @Admin
Scenario Outline: TC-005 to 030 - Financial, Fee, and Admin Processing                                     # src/test/resources/features/AccountManagement.feature:27
  Given the API is stubbed for "POST" at "/transact/pos" with status 200 and body "{'status': 'Approved'}" # com.expanse.steps.ExpanseSteps.universalStub(java.lang.String,java.lang.String,int,java.lang.String)
  When I call the "POST" API "/transact/pos" with body "{'amt': '50'}"                                     # com.expanse.steps.ExpanseSteps.callApi(java.lang.String,java.lang.String,java.lang.String)
  Then the response code should be 200                                                                     # com.expanse.steps.ExpanseSteps.checkStatus(int)
  And the response should contain "status" as "Approved"                                                   # com.expanse.steps.ExpanseSteps.checkBody(java.lang.String,java.lang.String)
]]></system-out>
  </testcase>
  <testcase name="TC-005 to 030 - Financial, Fee, and Admin Processing #3" classname="ExpanseFT Full Suite Automation" time="0.068">
    <system-out><![CDATA[
@Transactions @Spending @Admin
Scenario Outline: TC-005 to 030 - Financial, Fee, and Admin Processing                                                  # src/test/resources/features/AccountManagement.feature:28
  Given the API is stubbed for "POST" at "/transact/int" with status 403 and body "{'error': 'International Disabled'}" # com.expanse.steps.ExpanseSteps.universalStub(java.lang.String,java.lang.String,int,java.lang.String)
  When I call the "POST" API "/transact/int" with body "{'country': 'UK'}"                                              # com.expanse.steps.ExpanseSteps.callApi(java.lang.String,java.lang.String,java.lang.String)
  Then the response code should be 403                                                                                  # com.expanse.steps.ExpanseSteps.checkStatus(int)
  And the response should contain "error" as "Disabled"                                                                 # com.expanse.steps.ExpanseSteps.checkBody(java.lang.String,java.lang.String)
]]></system-out>
  </testcase>
  <testcase name="TC-005 to 030 - Financial, Fee, and Admin Processing #4" classname="ExpanseFT Full Suite Automation" time="0.066">
    <system-out><![CDATA[
@Transactions @Spending @Admin
Scenario Outline: TC-005 to 030 - Financial, Fee, and Admin Processing                                       # src/test/resources/features/AccountManagement.feature:29
  Given the API is stubbed for "POST" at "/transact/pin" with status 401 and body "{'error': 'Invalid PIN'}" # com.expanse.steps.ExpanseSteps.universalStub(java.lang.String,java.lang.String,int,java.lang.String)
  When I call the "POST" API "/transact/pin" with body "{'pin': 'wrong'}"                                    # com.expanse.steps.ExpanseSteps.callApi(java.lang.String,java.lang.String,java.lang.String)
  Then the response code should be 401                                                                       # com.expanse.steps.ExpanseSteps.checkStatus(int)
  And the response should contain "error" as "Invalid"                                                       # com.expanse.steps.ExpanseSteps.checkBody(java.lang.String,java.lang.String)
]]></system-out>
  </testcase>
  <testcase name="TC-005 to 030 - Financial, Fee, and Admin Processing #5" classname="ExpanseFT Full Suite Automation" time="0.07">
    <system-out><![CDATA[
@Transactions @Spending @Admin
Scenario Outline: TC-005 to 030 - Financial, Fee, and Admin Processing                                              # src/test/resources/features/AccountManagement.feature:30
  Given the API is stubbed for "POST" at "/transact/pos" with status 402 and body "{'error': 'Insufficient Funds'}" # com.expanse.steps.ExpanseSteps.universalStub(java.lang.String,java.lang.String,int,java.lang.String)
  When I call the "POST" API "/transact/pos" with body "{'amt': '5000'}"                                            # com.expanse.steps.ExpanseSteps.callApi(java.lang.String,java.lang.String,java.lang.String)
  Then the response code should be 402                                                                              # com.expanse.steps.ExpanseSteps.checkStatus(int)
  And the response should contain "error" as "Insufficient"                                                         # com.expanse.steps.ExpanseSteps.checkBody(java.lang.String,java.lang.String)
]]></system-out>
  </testcase>
  <testcase name="TC-005 to 030 - Financial, Fee, and Admin Processing #6" classname="ExpanseFT Full Suite Automation" time="0.075">
    <system-out><![CDATA[
@Transactions @Spending @Admin
Scenario Outline: TC-005 to 030 - Financial, Fee, and Admin Processing                                                # src/test/resources/features/AccountManagement.feature:31
  Given the API is stubbed for "POST" at "/transact/atm" with status 429 and body "{'error': 'Daily Limit Exceeded'}" # com.expanse.steps.ExpanseSteps.universalStub(java.lang.String,java.lang.String,int,java.lang.String)
  When I call the "POST" API "/transact/atm" with body "{'amt': '2000'}"                                              # com.expanse.steps.ExpanseSteps.callApi(java.lang.String,java.lang.String,java.lang.String)
  Then the response code should be 429                                                                                # com.expanse.steps.ExpanseSteps.checkStatus(int)
  And the response should contain "error" as "Limit Exceeded"                                                         # com.expanse.steps.ExpanseSteps.checkBody(java.lang.String,java.lang.String)
]]></system-out>
  </testcase>
  <testcase name="TC-005 to 030 - Financial, Fee, and Admin Processing #7" classname="ExpanseFT Full Suite Automation" time="0.059">
    <system-out><![CDATA[
@Transactions @Spending @Admin
Scenario Outline: TC-005 to 030 - Financial, Fee, and Admin Processing                                      # src/test/resources/features/AccountManagement.feature:32
  Given the API is stubbed for "POST" at "/card/activate" with status 404 and body "{'error': 'Not Found'}" # com.expanse.steps.ExpanseSteps.universalStub(java.lang.String,java.lang.String,int,java.lang.String)
  When I call the "POST" API "/card/activate" with body "{'card': '9999'}"                                  # com.expanse.steps.ExpanseSteps.callApi(java.lang.String,java.lang.String,java.lang.String)
  Then the response code should be 404                                                                      # com.expanse.steps.ExpanseSteps.checkStatus(int)
  And the response should contain "error" as "Not Found"                                                    # com.expanse.steps.ExpanseSteps.checkBody(java.lang.String,java.lang.String)
]]></system-out>
  </testcase>
  <testcase name="TC-005 to 030 - Financial, Fee, and Admin Processing #8" classname="ExpanseFT Full Suite Automation" time="0.058">
    <system-out><![CDATA[
@Transactions @Spending @Admin
Scenario Outline: TC-005 to 030 - Financial, Fee, and Admin Processing                                     # src/test/resources/features/AccountManagement.feature:33
  Given the API is stubbed for "POST" at "/verify-otp" with status 401 and body "{'error': 'Invalid OTP'}" # com.expanse.steps.ExpanseSteps.universalStub(java.lang.String,java.lang.String,int,java.lang.String)
  When I call the "POST" API "/verify-otp" with body "{'otp': '0000'}"                                     # com.expanse.steps.ExpanseSteps.callApi(java.lang.String,java.lang.String,java.lang.String)
  Then the response code should be 401                                                                     # com.expanse.steps.ExpanseSteps.checkStatus(int)
  And the response should contain "error" as "Invalid OTP"                                                 # com.expanse.steps.ExpanseSteps.checkBody(java.lang.String,java.lang.String)
]]></system-out>
  </testcase>
  <testcase name="TC-005 to 030 - Financial, Fee, and Admin Processing #9" classname="ExpanseFT Full Suite Automation" time="0.061">
    <system-out><![CDATA[
@Transactions @Spending @Admin
Scenario Outline: TC-005 to 030 - Financial, Fee, and Admin Processing                                        # src/test/resources/features/AccountManagement.feature:34
  Given the API is stubbed for "POST" at "/transact/refund" with status 200 and body "{'status': 'Refunded'}" # com.expanse.steps.ExpanseSteps.universalStub(java.lang.String,java.lang.String,int,java.lang.String)
  When I call the "POST" API "/transact/refund" with body "{'ref': 'TXN123'}"                                 # com.expanse.steps.ExpanseSteps.callApi(java.lang.String,java.lang.String,java.lang.String)
  Then the response code should be 200                                                                        # com.expanse.steps.ExpanseSteps.checkStatus(int)
  And the response should contain "status" as "Refunded"                                                      # com.expanse.steps.ExpanseSteps.checkBody(java.lang.String,java.lang.String)
]]></system-out>
  </testcase>
  <testcase name="TC-005 to 030 - Financial, Fee, and Admin Processing #10" classname="ExpanseFT Full Suite Automation" time="0.05">
    <system-out><![CDATA[
@Transactions @Spending @Admin
Scenario Outline: TC-005 to 030 - Financial, Fee, and Admin Processing                                        # src/test/resources/features/AccountManagement.feature:35
  Given the API is stubbed for "POST" at "/transact/fee" with status 200 and body "{'feeStatus': 'Deducted'}" # com.expanse.steps.ExpanseSteps.universalStub(java.lang.String,java.lang.String,int,java.lang.String)
  When I call the "POST" API "/transact/fee" with body "{'type': 'monthly'}"                                  # com.expanse.steps.ExpanseSteps.callApi(java.lang.String,java.lang.String,java.lang.String)
  Then the response code should be 200                                                                        # com.expanse.steps.ExpanseSteps.checkStatus(int)
  And the response should contain "feeStatus" as "Deducted"                                                   # com.expanse.steps.ExpanseSteps.checkBody(java.lang.String,java.lang.String)
]]></system-out>
  </testcase>
  <testcase name="TC-005 to 030 - Financial, Fee, and Admin Processing #11" classname="ExpanseFT Full Suite Automation" time="0.061">
    <system-out><![CDATA[
@Transactions @Spending @Admin
Scenario Outline: TC-005 to 030 - Financial, Fee, and Admin Processing                                        # src/test/resources/features/AccountManagement.feature:36
  Given the API is stubbed for "POST" at "/transact/revert" with status 200 and body "{'status': 'Reversed'}" # com.expanse.steps.ExpanseSteps.universalStub(java.lang.String,java.lang.String,int,java.lang.String)
  When I call the "POST" API "/transact/revert" with body "{'ref': 'TXN456'}"                                 # com.expanse.steps.ExpanseSteps.callApi(java.lang.String,java.lang.String,java.lang.String)
  Then the response code should be 200                                                                        # com.expanse.steps.ExpanseSteps.checkStatus(int)
  And the response should contain "status" as "Reversed"                                                      # com.expanse.steps.ExpanseSteps.checkBody(java.lang.String,java.lang.String)
]]></system-out>
  </testcase>
  <testcase name="TC-005 to 030 - Financial, Fee, and Admin Processing #12" classname="ExpanseFT Full Suite Automation" time="0.053">
    <system-out><![CDATA[
@Transactions @Spending @Admin
Scenario Outline: TC-005 to 030 - Financial, Fee, and Admin Processing                                        # src/test/resources/features/AccountManagement.feature:37
  Given the API is stubbed for "POST" at "/transact/int" with status 200 and body "{'status': 'Fee Applied'}" # com.expanse.steps.ExpanseSteps.universalStub(java.lang.String,java.lang.String,int,java.lang.String)
  When I call the "POST" API "/transact/int" with body "{'amt': '10', 'fee':1}"                               # com.expanse.steps.ExpanseSteps.callApi(java.lang.String,java.lang.String,java.lang.String)
  Then the response code should be 200                                                                        # com.expanse.steps.ExpanseSteps.checkStatus(int)
  And the response should contain "status" as "Fee Applied"                                                   # com.expanse.steps.ExpanseSteps.checkBody(java.lang.String,java.lang.String)
]]></system-out>
  </testcase>
  <testcase name="TC-005 to 030 - Financial, Fee, and Admin Processing #13" classname="ExpanseFT Full Suite Automation" time="0.054">
    <system-out><![CDATA[
@Transactions @Spending @Admin
Scenario Outline: TC-005 to 030 - Financial, Fee, and Admin Processing                                                  # src/test/resources/features/AccountManagement.feature:38
  Given the API is stubbed for "POST" at "/admin/credit" with status 201 and body "{'status': 'Manual Credit Applied'}" # com.expanse.steps.ExpanseSteps.universalStub(java.lang.String,java.lang.String,int,java.lang.String)
  When I call the "POST" API "/admin/credit" with body "{'amt': '500'}"                                                 # com.expanse.steps.ExpanseSteps.callApi(java.lang.String,java.lang.String,java.lang.String)
  Then the response code should be 201                                                                                  # com.expanse.steps.ExpanseSteps.checkStatus(int)
  And the response should contain "status" as "Manual Credit"                                                           # com.expanse.steps.ExpanseSteps.checkBody(java.lang.String,java.lang.String)
]]></system-out>
  </testcase>
  <testcase name="TC-005 to 030 - Financial, Fee, and Admin Processing #14" classname="ExpanseFT Full Suite Automation" time="0.055">
    <system-out><![CDATA[
@Transactions @Spending @Admin
Scenario Outline: TC-005 to 030 - Financial, Fee, and Admin Processing                                        # src/test/resources/features/AccountManagement.feature:39
  Given the API is stubbed for "POST" at "/transact/pos" with status 403 and body "{'error': 'AVS Mismatch'}" # com.expanse.steps.ExpanseSteps.universalStub(java.lang.String,java.lang.String,int,java.lang.String)
  When I call the "POST" API "/transact/pos" with body "{'zip': '00000'}"                                     # com.expanse.steps.ExpanseSteps.callApi(java.lang.String,java.lang.String,java.lang.String)
  Then the response code should be 403                                                                        # com.expanse.steps.ExpanseSteps.checkStatus(int)
  And the response should contain "error" as "AVS Mismatch"                                                   # com.expanse.steps.ExpanseSteps.checkBody(java.lang.String,java.lang.String)
]]></system-out>
  </testcase>
  <testcase name="TC-005 to 030 - Financial, Fee, and Admin Processing #15" classname="ExpanseFT Full Suite Automation" time="0.055">
    <system-out><![CDATA[
@Transactions @Spending @Admin
Scenario Outline: TC-005 to 030 - Financial, Fee, and Admin Processing                                               # src/test/resources/features/AccountManagement.feature:40
  Given the API is stubbed for "POST" at "/limit/increase" with status 202 and body "{'status': 'Pending Approval'}" # com.expanse.steps.ExpanseSteps.universalStub(java.lang.String,java.lang.String,int,java.lang.String)
  When I call the "POST" API "/limit/increase" with body "{'newLimit': '10k'}"                                       # com.expanse.steps.ExpanseSteps.callApi(java.lang.String,java.lang.String,java.lang.String)
  Then the response code should be 202                                                                               # com.expanse.steps.ExpanseSteps.checkStatus(int)
  And the response should contain "status" as "Pending"                                                              # com.expanse.steps.ExpanseSteps.checkBody(java.lang.String,java.lang.String)
]]></system-out>
  </testcase>
  <testcase name="TC-005 to 030 - Financial, Fee, and Admin Processing #16" classname="ExpanseFT Full Suite Automation" time="0.05">
    <system-out><![CDATA[
@Transactions @Spending @Admin
Scenario Outline: TC-005 to 030 - Financial, Fee, and Admin Processing                                           # src/test/resources/features/AccountManagement.feature:41
  Given the API is stubbed for "POST" at "/transact/pos" with status 504 and body "{'error': 'Gateway Timeout'}" # com.expanse.steps.ExpanseSteps.universalStub(java.lang.String,java.lang.String,int,java.lang.String)
  When I call the "POST" API "/transact/pos" with body "{'amt': '10'}"                                           # com.expanse.steps.ExpanseSteps.callApi(java.lang.String,java.lang.String,java.lang.String)
  Then the response code should be 504                                                                           # com.expanse.steps.ExpanseSteps.checkStatus(int)
  And the response should contain "error" as "Timeout"                                                           # com.expanse.steps.ExpanseSteps.checkBody(java.lang.String,java.lang.String)
]]></system-out>
  </testcase>
  <testcase name="TC-005 to 030 - Financial, Fee, and Admin Processing #17" classname="ExpanseFT Full Suite Automation" time="0.055">
    <system-out><![CDATA[
@Transactions @Spending @Admin
Scenario Outline: TC-005 to 030 - Financial, Fee, and Admin Processing                                        # src/test/resources/features/AccountManagement.feature:42
  Given the API is stubbed for "POST" at "/transact/pos" with status 403 and body "{'error': 'Card Expired'}" # com.expanse.steps.ExpanseSteps.universalStub(java.lang.String,java.lang.String,int,java.lang.String)
  When I call the "POST" API "/transact/pos" with body "{'date': '2020'}"                                     # com.expanse.steps.ExpanseSteps.callApi(java.lang.String,java.lang.String,java.lang.String)
  Then the response code should be 403                                                                        # com.expanse.steps.ExpanseSteps.checkStatus(int)
  And the response should contain "error" as "Expired"                                                        # com.expanse.steps.ExpanseSteps.checkBody(java.lang.String,java.lang.String)
]]></system-out>
  </testcase>
  <testcase name="TC-005 to 030 - Financial, Fee, and Admin Processing #18" classname="ExpanseFT Full Suite Automation" time="0.058">
    <system-out><![CDATA[
@Transactions @Spending @Admin
Scenario Outline: TC-005 to 030 - Financial, Fee, and Admin Processing                                               # src/test/resources/features/AccountManagement.feature:43
  Given the API is stubbed for "POST" at "/transact/mcc" with status 403 and body "{'error': 'Gambling Prohibited'}" # com.expanse.steps.ExpanseSteps.universalStub(java.lang.String,java.lang.String,int,java.lang.String)
  When I call the "POST" API "/transact/mcc" with body "{'mcc': '7995'}"                                             # com.expanse.steps.ExpanseSteps.callApi(java.lang.String,java.lang.String,java.lang.String)
  Then the response code should be 403                                                                               # com.expanse.steps.ExpanseSteps.checkStatus(int)
  And the response should contain "error" as "Prohibited"                                                            # com.expanse.steps.ExpanseSteps.checkBody(java.lang.String,java.lang.String)
]]></system-out>
  </testcase>
  <testcase name="TC-005 to 030 - Financial, Fee, and Admin Processing #19" classname="ExpanseFT Full Suite Automation" time="0.05">
    <system-out><![CDATA[
@Transactions @Spending @Admin
Scenario Outline: TC-005 to 030 - Financial, Fee, and Admin Processing                                              # src/test/resources/features/AccountManagement.feature:44
  Given the API is stubbed for "POST" at "/transact/pos" with status 503 and body "{'error': 'System Maintenance'}" # com.expanse.steps.ExpanseSteps.universalStub(java.lang.String,java.lang.String,int,java.lang.String)
  When I call the "POST" API "/transact/pos" with body "{'amt': '10'}"                                              # com.expanse.steps.ExpanseSteps.callApi(java.lang.String,java.lang.String,java.lang.String)
  Then the response code should be 503                                                                              # com.expanse.steps.ExpanseSteps.checkStatus(int)
  And the response should contain "error" as "Maintenance"                                                          # com.expanse.steps.ExpanseSteps.checkBody(java.lang.String,java.lang.String)
]]></system-out>
  </testcase>
  <testcase name="TC-005 to 030 - Financial, Fee, and Admin Processing #20" classname="ExpanseFT Full Suite Automation" time="0.049">
    <system-out><![CDATA[
@Transactions @Spending @Admin
Scenario Outline: TC-005 to 030 - Financial, Fee, and Admin Processing                                           # src/test/resources/features/AccountManagement.feature:45
  Given the API is stubbed for "POST" at "/card/pin-change" with status 200 and body "{'status': 'PIN Changed'}" # com.expanse.steps.ExpanseSteps.universalStub(java.lang.String,java.lang.String,int,java.lang.String)
  When I call the "POST" API "/card/pin-change" with body "{'newPin': '1234'}"                                   # com.expanse.steps.ExpanseSteps.callApi(java.lang.String,java.lang.String,java.lang.String)
  Then the response code should be 200                                                                           # com.expanse.steps.ExpanseSteps.checkStatus(int)
  And the response should contain "status" as "PIN Changed"                                                      # com.expanse.steps.ExpanseSteps.checkBody(java.lang.String,java.lang.String)
]]></system-out>
  </testcase>
  <testcase name="TC-005 to 030 - Financial, Fee, and Admin Processing #21" classname="ExpanseFT Full Suite Automation" time="0.048">
    <system-out><![CDATA[
@Transactions @Spending @Admin
Scenario Outline: TC-005 to 030 - Financial, Fee, and Admin Processing                                                 # src/test/resources/features/AccountManagement.feature:46
  Given the API is stubbed for "POST" at "/transact/pos" with status 409 and body "{'error': 'Duplicate Transaction'}" # com.expanse.steps.ExpanseSteps.universalStub(java.lang.String,java.lang.String,int,java.lang.String)
  When I call the "POST" API "/transact/pos" with body "{'amt': '50'}"                                                 # com.expanse.steps.ExpanseSteps.callApi(java.lang.String,java.lang.String,java.lang.String)
  Then the response code should be 409                                                                                 # com.expanse.steps.ExpanseSteps.checkStatus(int)
  And the response should contain "error" as "Duplicate"                                                               # com.expanse.steps.ExpanseSteps.checkBody(java.lang.String,java.lang.String)
]]></system-out>
  </testcase>
  <testcase name="TC-005 to 030 - Financial, Fee, and Admin Processing #22" classname="ExpanseFT Full Suite Automation" time="0.067">
    <system-out><![CDATA[
@Transactions @Spending @Admin
Scenario Outline: TC-005 to 030 - Financial, Fee, and Admin Processing                                              # src/test/resources/features/AccountManagement.feature:47
  Given the API is stubbed for "POST" at "/admin/debit" with status 201 and body "{'status': 'Adjustment Applied'}" # com.expanse.steps.ExpanseSteps.universalStub(java.lang.String,java.lang.String,int,java.lang.String)
  When I call the "POST" API "/admin/debit" with body "{'amt': '20'}"                                               # com.expanse.steps.ExpanseSteps.callApi(java.lang.String,java.lang.String,java.lang.String)
  Then the response code should be 201                                                                              # com.expanse.steps.ExpanseSteps.checkStatus(int)
  And the response should contain "status" as "Adjustment"                                                          # com.expanse.steps.ExpanseSteps.checkBody(java.lang.String,java.lang.String)
]]></system-out>
  </testcase>
  <testcase name="TC-005 to 030 - Financial, Fee, and Admin Processing #23" classname="ExpanseFT Full Suite Automation" time="0.042">
    <system-out><![CDATA[
@Transactions @Spending @Admin
Scenario Outline: TC-005 to 030 - Financial, Fee, and Admin Processing                                       # src/test/resources/features/AccountManagement.feature:48
  Given the API is stubbed for "POST" at "/bulk/order" with status 200 and body "{'delivery': 'In Transit'}" # com.expanse.steps.ExpanseSteps.universalStub(java.lang.String,java.lang.String,int,java.lang.String)
  When I call the "POST" API "/bulk/order" with body "{'qty': '100'}"                                        # com.expanse.steps.ExpanseSteps.callApi(java.lang.String,java.lang.String,java.lang.String)
  Then the response code should be 200                                                                       # com.expanse.steps.ExpanseSteps.checkStatus(int)
  And the response should contain "delivery" as "In Transit"                                                 # com.expanse.steps.ExpanseSteps.checkBody(java.lang.String,java.lang.String)
]]></system-out>
  </testcase>
  <testcase name="TC-031 to 034 - Card Status Transitions #1" classname="ExpanseFT Full Suite Automation" time="0.049">
    <system-out><![CDATA[
@Security @CardLifeCycle
Scenario Outline: TC-031 to 034 - Card Status Transitions                                                    # src/test/resources/features/AccountManagement.feature:59
  Given the API is stubbed for "POST" at "/card/lost" with status 200 and body "{'newStatus': 'Terminated'}" # com.expanse.steps.ExpanseSteps.universalStub(java.lang.String,java.lang.String,int,java.lang.String)
  When I call the "POST" API "/card/lost" with body "{'cardToken': 'card_998877'}"                           # com.expanse.steps.ExpanseSteps.callApi(java.lang.String,java.lang.String,java.lang.String)
  Then the response code should be 200                                                                       # com.expanse.steps.ExpanseSteps.checkStatus(int)
  And the response should contain "newStatus" as "Terminated"                                                # com.expanse.steps.ExpanseSteps.checkBody(java.lang.String,java.lang.String)
]]></system-out>
  </testcase>
  <testcase name="TC-031 to 034 - Card Status Transitions #2" classname="ExpanseFT Full Suite Automation" time="0.039">
    <system-out><![CDATA[
@Security @CardLifeCycle
Scenario Outline: TC-031 to 034 - Card Status Transitions                                                     # src/test/resources/features/AccountManagement.feature:60
  Given the API is stubbed for "POST" at "/card/replace" with status 200 and body "{'newStatus': 'Replaced'}" # com.expanse.steps.ExpanseSteps.universalStub(java.lang.String,java.lang.String,int,java.lang.String)
  When I call the "POST" API "/card/replace" with body "{'cardToken': 'card_998877'}"                         # com.expanse.steps.ExpanseSteps.callApi(java.lang.String,java.lang.String,java.lang.String)
  Then the response code should be 200                                                                        # com.expanse.steps.ExpanseSteps.checkStatus(int)
  And the response should contain "newStatus" as "Replaced"                                                   # com.expanse.steps.ExpanseSteps.checkBody(java.lang.String,java.lang.String)
]]></system-out>
  </testcase>
  <testcase name="TC-031 to 034 - Card Status Transitions #3" classname="ExpanseFT Full Suite Automation" time="0.044">
    <system-out><![CDATA[
@Security @CardLifeCycle
Scenario Outline: TC-031 to 034 - Card Status Transitions                                                         # src/test/resources/features/AccountManagement.feature:61
  Given the API is stubbed for "POST" at "/card/temp-block" with status 200 and body "{'newStatus': 'Suspended'}" # com.expanse.steps.ExpanseSteps.universalStub(java.lang.String,java.lang.String,int,java.lang.String)
  When I call the "POST" API "/card/temp-block" with body "{'cardToken': 'card_998877'}"                          # com.expanse.steps.ExpanseSteps.callApi(java.lang.String,java.lang.String,java.lang.String)
  Then the response code should be 200                                                                            # com.expanse.steps.ExpanseSteps.checkStatus(int)
  And the response should contain "newStatus" as "Suspended"                                                      # com.expanse.steps.ExpanseSteps.checkBody(java.lang.String,java.lang.String)
]]></system-out>
  </testcase>
  <testcase name="TC-031 to 034 - Card Status Transitions #4" classname="ExpanseFT Full Suite Automation" time="0.038">
    <system-out><![CDATA[
@Security @CardLifeCycle
Scenario Outline: TC-031 to 034 - Card Status Transitions                                                   # src/test/resources/features/AccountManagement.feature:62
  Given the API is stubbed for "POST" at "/card/unblock" with status 200 and body "{'newStatus': 'Active'}" # com.expanse.steps.ExpanseSteps.universalStub(java.lang.String,java.lang.String,int,java.lang.String)
  When I call the "POST" API "/card/unblock" with body "{'cardToken': 'card_998877'}"                       # com.expanse.steps.ExpanseSteps.callApi(java.lang.String,java.lang.String,java.lang.String)
  Then the response code should be 200                                                                      # com.expanse.steps.ExpanseSteps.checkStatus(int)
  And the response should contain "newStatus" as "Active"                                                   # com.expanse.steps.ExpanseSteps.checkBody(java.lang.String,java.lang.String)
]]></system-out>
  </testcase>
  <testcase name="TC-031 to 034 - Card Status Transitions #5" classname="ExpanseFT Full Suite Automation" time="0.053">
    <system-out><![CDATA[
@Security @CardLifeCycle
Scenario Outline: TC-031 to 034 - Card Status Transitions                                                        # src/test/resources/features/AccountManagement.feature:63
  Given the API is stubbed for "POST" at "/card/aml-hold" with status 200 and body "{'newStatus': 'Compliance'}" # com.expanse.steps.ExpanseSteps.universalStub(java.lang.String,java.lang.String,int,java.lang.String)
  When I call the "POST" API "/card/aml-hold" with body "{'cardToken': 'card_998877'}"                           # com.expanse.steps.ExpanseSteps.callApi(java.lang.String,java.lang.String,java.lang.String)
  Then the response code should be 200                                                                           # com.expanse.steps.ExpanseSteps.checkStatus(int)
  And the response should contain "newStatus" as "Compliance"                                                    # com.expanse.steps.ExpanseSteps.checkBody(java.lang.String,java.lang.String)
]]></system-out>
  </testcase>
  <testcase name="TC-031 to 034 - Card Status Transitions #6" classname="ExpanseFT Full Suite Automation" time="0.04">
    <system-out><![CDATA[
@Security @CardLifeCycle
Scenario Outline: TC-031 to 034 - Card Status Transitions                                                 # src/test/resources/features/AccountManagement.feature:64
  Given the API is stubbed for "POST" at "/card/close" with status 200 and body "{'newStatus': 'Closed'}" # com.expanse.steps.ExpanseSteps.universalStub(java.lang.String,java.lang.String,int,java.lang.String)
  When I call the "POST" API "/card/close" with body "{'cardToken': 'card_998877'}"                       # com.expanse.steps.ExpanseSteps.callApi(java.lang.String,java.lang.String,java.lang.String)
  Then the response code should be 200                                                                    # com.expanse.steps.ExpanseSteps.checkStatus(int)
  And the response should contain "newStatus" as "Closed"                                                 # com.expanse.steps.ExpanseSteps.checkBody(java.lang.String,java.lang.String)
]]></system-out>
  </testcase>
  <testcase name="TC-035 - Balance Inquiry" classname="ExpanseFT Full Suite Automation" time="0.073">
    <system-out><![CDATA[
@Transactions
Scenario: TC-035 - Balance Inquiry                                                                                      # src/test/resources/features/AccountManagement.feature:67
  Given the API is stubbed for "GET" at "/balance" with status 200 and body "{'balance': '1250.75', 'currency': 'USD'}" # com.expanse.steps.ExpanseSteps.universalStub(java.lang.String,java.lang.String,int,java.lang.String)
  When I call the "GET" API "/balance" with body ""                                                                     # com.expanse.steps.ExpanseSteps.callApi(java.lang.String,java.lang.String,java.lang.String)
  Then the response code should be 200                                                                                  # com.expanse.steps.ExpanseSteps.checkStatus(int)
  And the response should contain "balance" as "1250.75"                                                                # com.expanse.steps.ExpanseSteps.checkBody(java.lang.String,java.lang.String)
]]></system-out>
  </testcase>
</testsuite>